<?xml version="1.0" encoding="UTF-8"?>
<!-- Generated by org.testng.reporters.JUnitXMLReporter -->
<testsuite ignored="2" hostname="ivanstrok" failures="0" tests="0" time="0.041" errors="0" timestamp="2023-05-04T12:38:37 CST">
  <testcase classname="eComerce_tc_2_Hybrid" name="positiveFlow" time="0.0">
    <ignored/>
  </testcase> <!-- positiveFlow -->
  <testcase classname="eComerce_tc_2_Hybrid" name="errorValidation" time="0.0">
    <ignored/>
  </testcase> <!-- errorValidation -->
</testsuite>
