<?xml version="1.0" encoding="UTF-8"?>
<testng-results ignored="2" total="4" passed="2" failed="0" skipped="0">
  <reporter-output>
  </reporter-output>
  <suite started-at="2023-05-04T12:38:36 CST" name="Suite" finished-at="2023-05-04T12:39:35 CST" duration-ms="58504">
    <groups>
      <group name="smoke">
        <method signature="eComerce_tc_4_Hybrid.fillForm(java.util.HashMap)[pri:0, instance:eComerce_tc_4_Hybrid@221a3fa4]" name="fillForm" class="eComerce_tc_4_Hybrid"/>
      </group> <!-- smoke -->
    </groups>
    <test started-at="2023-05-04T12:38:36 CST" name="E2E Framework" finished-at="2023-05-04T12:38:36 CST" duration-ms="41">
    </test> <!-- E2E Framework -->
    <test started-at="2023-05-04T12:38:37 CST" name="Error validation test" finished-at="2023-05-04T12:39:35 CST" duration-ms="57325">
      <class name="eComerce_tc_4_Hybrid">
        <test-method is-config="true" signature="configureAppium()[pri:0, instance:eComerce_tc_4_Hybrid@221a3fa4]" started-at="2023-05-04T12:38:37 CST" name="configureAppium" finished-at="2023-05-04T12:38:49 CST" duration-ms="11713" status="PASS">
          <reporter-output>
          </reporter-output>
        </test-method> <!-- configureAppium -->
        <test-method is-config="true" signature="preSetup()[pri:0, instance:eComerce_tc_4_Hybrid@221a3fa4]" started-at="2023-05-04T12:38:49 CST" name="preSetup" finished-at="2023-05-04T12:38:50 CST" duration-ms="1105" status="PASS">
          <reporter-output>
          </reporter-output>
        </test-method> <!-- preSetup -->
        <test-method signature="fillForm(java.util.HashMap)[pri:0, instance:eComerce_tc_4_Hybrid@221a3fa4]" started-at="2023-05-04T12:38:50 CST" name="fillForm" data-provider="getData" finished-at="2023-05-04T12:39:12 CST" duration-ms="21612" status="PASS">
          <params>
            <param index="0">
              <value>
                <![CDATA[{name=Ivan, country=Argentina, gender=male}]]>
              </value>
            </param>
          </params>
          <reporter-output>
          </reporter-output>
        </test-method> <!-- fillForm -->
        <test-method is-config="true" signature="preSetup()[pri:0, instance:eComerce_tc_4_Hybrid@221a3fa4]" started-at="2023-05-04T12:39:12 CST" name="preSetup" finished-at="2023-05-04T12:39:13 CST" duration-ms="1188" status="PASS">
          <reporter-output>
          </reporter-output>
        </test-method> <!-- preSetup -->
        <test-method signature="fillForm(java.util.HashMap)[pri:0, instance:eComerce_tc_4_Hybrid@221a3fa4]" started-at="2023-05-04T12:39:13 CST" name="fillForm" data-provider="getData" finished-at="2023-05-04T12:39:34 CST" duration-ms="20771" status="PASS">
          <params>
            <param index="0">
              <value>
                <![CDATA[{name=Adriana, country=Argentina, gender=Female}]]>
              </value>
            </param>
          </params>
          <reporter-output>
          </reporter-output>
        </test-method> <!-- fillForm -->
        <test-method is-config="true" signature="tearDown()[pri:0, instance:eComerce_tc_4_Hybrid@221a3fa4]" started-at="2023-05-04T12:39:34 CST" name="tearDown" finished-at="2023-05-04T12:39:35 CST" duration-ms="597" status="PASS">
          <reporter-output>
          </reporter-output>
        </test-method> <!-- tearDown -->
      </class> <!-- eComerce_tc_4_Hybrid -->
    </test> <!-- Error validation test -->
  </suite> <!-- Suite -->
</testng-results>
